Started GET "/" for ::1 at 2017-04-02 21:06:20 +0900
  [1m[36mActiveRecord::SchemaMigration Load (12.6ms)[0m  [1m[34mSELECT `schema_migrations`.* FROM `schema_migrations`[0m
Processing by ChatController#index as HTML
  Rendering chat/index.html.haml within layouts/application
  Rendered chat/index.html.haml within layouts/application (23.3ms)
  Rendered layouts/_flash_message.html.haml (2.3ms)
Completed 200 OK in 3361ms (Views: 3341.3ms | ActiveRecord: 0.0ms)


Started GET "/" for ::1 at 2017-04-02 21:16:39 +0900
  [1m[36mActiveRecord::SchemaMigration Load (0.6ms)[0m  [1m[34mSELECT `schema_migrations`.* FROM `schema_migrations`[0m
Processing by ChatController#index as HTML
  Rendering chat/index.html.haml within layouts/application
  Rendered chat/index.html.haml within layouts/application (28.0ms)
  Rendered layouts/_flash_message.html.haml (1.7ms)
Completed 200 OK in 455ms (Views: 435.0ms | ActiveRecord: 0.0ms)


Started GET "/" for ::1 at 2017-04-02 21:22:11 +0900
  [1m[36mActiveRecord::SchemaMigration Load (2.0ms)[0m  [1m[34mSELECT `schema_migrations`.* FROM `schema_migrations`[0m
Processing by ChatController#index as HTML
  Rendering chat/index.html.haml within layouts/application
  Rendered chat/index.html.haml within layouts/application (33.4ms)
  Rendered layouts/_flash_message.html.haml (1.9ms)
Completed 200 OK in 454ms (Views: 431.0ms | ActiveRecord: 0.0ms)


Started GET "/" for ::1 at 2017-04-02 21:22:14 +0900
Processing by ChatController#index as HTML
  Rendering chat/index.html.haml within layouts/application
  Rendered chat/index.html.haml within layouts/application (5.9ms)
  Rendered layouts/_flash_message.html.haml (2.3ms)
Completed 200 OK in 82ms (Views: 80.1ms | ActiveRecord: 0.0ms)


